<?xml version="1.0" encoding="UTF-8"?>
<testng-results ignored="0" total="1" passed="1" failed="0" skipped="0">
  <reporter-output>
    <line>
      <![CDATA[logged in as manufacturer]]>
    </line>
    <line>
      <![CDATA[orders page is displayed]]>
    </line>
    <line>
      <![CDATA[searched based on date]]>
    </line>
  </reporter-output>
  <suite started-at="2023-07-14T10:12:58 IST" name="Default suite" finished-at="2023-07-14T10:13:07 IST" duration-ms="9094">
    <groups>
      <group name="integration">
        <method signature="SearchorderbydateTest.searchorder()[pri:0, instance:com.scm.testscripts.patiquette.SearchorderbydateTest@55634720]" name="searchorder" class="com.scm.testscripts.patiquette.SearchorderbydateTest"/>
      </group> <!-- integration -->
    </groups>
    <test started-at="2023-07-14T10:12:58 IST" name="Default test" finished-at="2023-07-14T10:13:07 IST" duration-ms="9094">
      <class name="com.scm.testscripts.patiquette.SearchorderbydateTest">
        <test-method is-config="true" signature="openbrowser()[pri:0, instance:com.scm.testscripts.patiquette.SearchorderbydateTest@55634720]" started-at="2023-07-14T10:12:58 IST" name="openbrowser" finished-at="2023-07-14T10:13:00 IST" duration-ms="2286" status="PASS">
          <reporter-output>
          </reporter-output>
        </test-method> <!-- openbrowser -->
        <test-method is-config="true" signature="logintoapp()[pri:0, instance:com.scm.testscripts.patiquette.SearchorderbydateTest@55634720]" started-at="2023-07-14T10:13:00 IST" name="logintoapp" finished-at="2023-07-14T10:13:01 IST" duration-ms="966" status="PASS">
          <reporter-output>
          </reporter-output>
        </test-method> <!-- logintoapp -->
        <test-method signature="searchorder()[pri:0, instance:com.scm.testscripts.patiquette.SearchorderbydateTest@55634720]" started-at="2023-07-14T10:13:01 IST" name="searchorder" finished-at="2023-07-14T10:13:07 IST" duration-ms="5445" status="PASS">
          <reporter-output>
            <line>
              <![CDATA[logged in as manufacturer]]>
            </line>
            <line>
              <![CDATA[orders page is displayed]]>
            </line>
            <line>
              <![CDATA[searched based on date]]>
            </line>
          </reporter-output>
        </test-method> <!-- searchorder -->
        <test-method is-config="true" signature="closebrowser()[pri:0, instance:com.scm.testscripts.patiquette.SearchorderbydateTest@55634720]" started-at="2023-07-14T10:13:07 IST" name="closebrowser" finished-at="2023-07-14T10:13:07 IST" duration-ms="152" status="PASS">
          <reporter-output>
          </reporter-output>
        </test-method> <!-- closebrowser -->
      </class> <!-- com.scm.testscripts.patiquette.SearchorderbydateTest -->
    </test> <!-- Default test -->
  </suite> <!-- Default suite -->
</testng-results>
